<?xml version="1.0" encoding="UTF-8"?>
<testsuite xmlns:xsi="http://www.w3.org/2001/XMLSchema-instance" xsi:noNamespaceSchemaLocation="https://maven.apache.org/surefire/maven-surefire-plugin/xsd/surefire-test-report.xsd" version="3.0.2" name="com.example.seleniumlearn.SeleniumLoginTest" time="10.486" tests="2" errors="0" skipped="0" failures="0">
  <properties>
[...]
</properties>
  <testcase name="testSuccessfulLoginShowsWelcome" classname="com.example.seleniumlearn.SeleniumLoginTest" time="5.016">
    <system-out><![CDATA[
  .   ____          _            __ _ _
 /\\ / ___'_ __ _ _(_)_ __  __ _ \ \ \ \
( ( )\___ | '_ | '_| | '_ \/ _` | \ \ \ \
 \\/  ___)| |_)| | | | | || (_| |  ) ) ) )
  '  |____| .__|_| |_|_| |_\__, | / / / /
 =========|_|==============|___/=/_/_/_/

 :: Spring Boot ::                (v3.5.0)

2025-10-24T20:50:06.089-05:00  INFO 22812 --- [           main] c.e.seleniumlearn.SeleniumLoginTest      : Starting SeleniumLoginTest using Java 23.0.1 with PID 22812 (started by wes19 in C:\Users\wes19\Desktop\selenium-learn-java\senlenium-learn-java)
2025-10-24T20:50:06.089-05:00  INFO 22812 --- [           main] c.e.seleniumlearn.SeleniumLoginTest      : No active profile set, falling back to 1 default profile: "default"
2025-10-24T20:50:07.129-05:00  INFO 22812 --- [           main] o.s.b.w.embedded.tomcat.TomcatWebServer  : Tomcat initialized with port 0 (http)
2025-10-24T20:50:07.147-05:00  INFO 22812 --- [           main] o.apache.catalina.core.StandardService   : Starting service [Tomcat]
2025-10-24T20:50:07.148-05:00  INFO 22812 --- [           main] o.apache.catalina.core.StandardEngine    : Starting Servlet engine: [Apache Tomcat/10.1.41]
2025-10-24T20:50:07.238-05:00  INFO 22812 --- [           main] o.a.c.c.C.[Tomcat].[localhost].[/]       : Initializing Spring embedded WebApplicationContext
2025-10-24T20:50:07.238-05:00  INFO 22812 --- [           main] w.s.c.ServletWebServerApplicationContext : Root WebApplicationContext: initialization completed in 1120 ms
2025-10-24T20:50:07.377-05:00  INFO 22812 --- [           main] o.s.b.a.w.s.WelcomePageHandlerMapping    : Adding welcome page template: index
2025-10-24T20:50:07.984-05:00  INFO 22812 --- [           main] o.s.b.w.embedded.tomcat.TomcatWebServer  : Tomcat started on port 62044 (http) with context path '/'
2025-10-24T20:50:07.992-05:00  INFO 22812 --- [           main] c.e.seleniumlearn.SeleniumLoginTest      : Started SeleniumLoginTest in 2.304 seconds (process running for 3.58)
2025-10-24T20:50:08.132-05:00  INFO 22812 --- [           main] i.g.bonigarcia.wdm.WebDriverManager      : Using chromedriver 141.0.7390.122 (resolved driver for Chrome 141)
2025-10-24T20:50:08.183-05:00  INFO 22812 --- [           main] i.g.bonigarcia.wdm.WebDriverManager      : Exporting webdriver.chrome.driver as C:\Users\wes19\.cache\selenium\chromedriver\win64\141.0.7390.122\chromedriver.exe
2025-10-24T20:50:11.065-05:00  WARN 22812 --- [           main] o.o.selenium.devtools.CdpVersionFinder   : Unable to find CDP implementation matching 141
2025-10-24T20:50:11.065-05:00  WARN 22812 --- [           main] o.o.selenium.chromium.ChromiumDriver     : Unable to find version of CDP to use for 141.0.7390.123. You may need to include a dependency on a specific version of the CDP using something similar to `org.seleniumhq.selenium:selenium-devtools-v86:4.31.0` where the version ("v86") matches the version of the chromium-based browser you're using and the version number of the artifact is the same as Selenium's.
2025-10-24T20:50:11.149-05:00  INFO 22812 --- [o-auto-1-exec-1] o.a.c.c.C.[Tomcat].[localhost].[/]       : Initializing Spring DispatcherServlet 'dispatcherServlet'
2025-10-24T20:50:11.150-05:00  INFO 22812 --- [o-auto-1-exec-1] o.s.web.servlet.DispatcherServlet        : Initializing Servlet 'dispatcherServlet'
2025-10-24T20:50:11.151-05:00  INFO 22812 --- [o-auto-1-exec-1] o.s.web.servlet.DispatcherServlet        : Completed initialization in 1 ms
]]></system-out>
    <system-err><![CDATA[Mockito is currently self-attaching to enable the inline-mock-maker. This will no longer work in future releases of the JDK. Please add Mockito as an agent to your build as described in Mockito's documentation: https://javadoc.io/doc/org.mockito/mockito-core/latest/org.mockito/org/mockito/Mockito.html#0.3
WARNING: A Java agent has been loaded dynamically (C:\Users\wes19\.m2\repository\net\bytebuddy\byte-buddy-agent\1.17.5\byte-buddy-agent-1.17.5.jar)
WARNING: If a serviceability tool is in use, please run with -XX:+EnableDynamicAgentLoading to hide this warning
WARNING: If a serviceability tool is not in use, please run with -Djdk.instrument.traceUsage for more information
WARNING: Dynamic loading of agents will be disallowed by default in a future release
]]></system-err>
  </testcase>
  <testcase name="testLoginFormElementsPresent" classname="com.example.seleniumlearn.SeleniumLoginTest" time="2.426">
    <system-out><![CDATA[2025-10-24T20:50:15.249-05:00  WARN 22812 --- [           main] o.o.selenium.devtools.CdpVersionFinder   : Unable to find CDP implementation matching 141
2025-10-24T20:50:15.249-05:00  WARN 22812 --- [           main] o.o.selenium.chromium.ChromiumDriver     : Unable to find version of CDP to use for 141.0.7390.123. You may need to include a dependency on a specific version of the CDP using something similar to `org.seleniumhq.selenium:selenium-devtools-v86:4.31.0` where the version ("v86") matches the version of the chromium-based browser you're using and the version number of the artifact is the same as Selenium's.
]]></system-out>
  </testcase>
</testsuite>